0 info it worked if it ends with ok
1 verbose cli [ 'C:\\dev\\nvm\\v6.2.0\\node.exe',
1 verbose cli   'C:\\dev\\nvm\\v6.2.0\\node_modules\\npm\\bin\\npm-cli.js',
1 verbose cli   'adduser' ]
2 info using npm@3.8.9
3 info using node@v6.2.0
4 verbose adduser before first PUT { _id: 'org.couchdb.user:zmf',
4 verbose adduser   name: 'zmf',
4 verbose adduser   password: 'XXXXX',
4 verbose adduser   email: '2@qq.com',
4 verbose adduser   type: 'user',
4 verbose adduser   roles: [],
4 verbose adduser   date: '2017-08-08T08:05:24.248Z' }
5 verbose request uri https://registry.npm.taobao.org/-/user/org.couchdb.user:zmf
6 verbose request new user, so can't send auth
7 info attempt registry request try #1 at 16:05:24
8 verbose request id 54c9b3f6f04a9e5f
9 http request PUT https://registry.npm.taobao.org/-/user/org.couchdb.user:zmf
10 http 409 https://registry.npm.taobao.org/-/user/org.couchdb.user:zmf
11 verbose headers { date: 'Tue, 08 Aug 2017 08:04:06 GMT',
11 verbose headers   'content-type': 'application/json; charset=utf-8',
11 verbose headers   'content-length': '56',
11 verbose headers   connection: 'keep-alive',
11 verbose headers   'x-current-requests': '1',
11 verbose headers   'x-readtime': '11' }
12 verbose request invalidating C:\Users\liuhong\AppData\Roaming\npm-cache\registry.npm.taobao.org\-\user\org.couchdb.user_3Azmf on PUT
13 verbose adduser update existing user
14 verbose request uri https://registry.npm.taobao.org/-/user/org.couchdb.user:zmf?write=true
15 verbose request no auth needed
16 info attempt registry request try #1 at 16:05:24
17 http request GET https://registry.npm.taobao.org/-/user/org.couchdb.user:zmf?write=true
18 http 200 https://registry.npm.taobao.org/-/user/org.couchdb.user:zmf?write=true
19 verbose headers { date: 'Tue, 08 Aug 2017 08:04:06 GMT',
19 verbose headers   'content-type': 'application/json; charset=utf-8',
19 verbose headers   'content-length': '311',
19 verbose headers   connection: 'keep-alive',
19 verbose headers   'x-current-requests': '1',
19 verbose headers   etag: '"137-mJDLVqmACUhyNxSp9MkVhuh+Mr4"',
19 verbose headers   'x-readtime': '11' }
20 verbose adduser userobj { _id: 'org.couchdb.user:zmf',
20 verbose adduser   name: 'zmf',
20 verbose adduser   password: 'XXXXX',
20 verbose adduser   email: '2@qq.com',
20 verbose adduser   type: 'user',
20 verbose adduser   roles: [],
20 verbose adduser   date: '2017-08-08T08:05:24.248Z' }
21 verbose request uri https://registry.npm.taobao.org/-/user/org.couchdb.user:zmf/-rev/1-8731c3b5c95ca0577bdbbd8d4b021c16
22 verbose request updating existing user; sending authorization
23 info attempt registry request try #1 at 16:05:24
24 http request PUT https://registry.npm.taobao.org/-/user/org.couchdb.user:zmf/-rev/1-8731c3b5c95ca0577bdbbd8d4b021c16
25 http 401 https://registry.npm.taobao.org/-/user/org.couchdb.user:zmf/-rev/1-8731c3b5c95ca0577bdbbd8d4b021c16
26 verbose headers { date: 'Tue, 08 Aug 2017 08:04:06 GMT',
26 verbose headers   'content-type': 'application/json; charset=utf-8',
26 verbose headers   'content-length': '47',
26 verbose headers   connection: 'keep-alive',
26 verbose headers   'x-current-requests': '1',
26 verbose headers   'x-readtime': '10' }
27 verbose request invalidating C:\Users\liuhong\AppData\Roaming\npm-cache\registry.npm.taobao.org\-\user\org.couchdb.user_3Azmf on PUT
28 verbose adduser back [ { Error: unauthorized Login first: -/user/org.couchdb.user:zmf/-rev/1-8731c3b5c95ca0577bdbbd8d4b021c16
28 verbose adduser       at makeError (C:\dev\nvm\v6.2.0\node_modules\npm\node_modules\npm-registry-client\lib\request.js:264:12)
28 verbose adduser       at CachingRegistryClient.<anonymous> (C:\dev\nvm\v6.2.0\node_modules\npm\node_modules\npm-registry-client\lib\request.js:252:14)
28 verbose adduser       at Request._callback (C:\dev\nvm\v6.2.0\node_modules\npm\node_modules\npm-registry-client\lib\request.js:172:14)
28 verbose adduser       at Request.self.callback (C:\dev\nvm\v6.2.0\node_modules\npm\node_modules\request\request.js:200:22)
28 verbose adduser       at emitTwo (events.js:106:13)
28 verbose adduser       at Request.emit (events.js:191:7)
28 verbose adduser       at Request.<anonymous> (C:\dev\nvm\v6.2.0\node_modules\npm\node_modules\request\request.js:1067:10)
28 verbose adduser       at emitOne (events.js:101:20)
28 verbose adduser       at Request.emit (events.js:188:7)
28 verbose adduser       at IncomingMessage.<anonymous> (C:\dev\nvm\v6.2.0\node_modules\npm\node_modules\request\request.js:988:12) statusCode: 401, code: 'E401' },
28 verbose adduser   { error: 'unauthorized', reason: 'Login first' },
28 verbose adduser   '{"error":"unauthorized","reason":"Login first"}' ]
29 warn adduser Incorrect username or password
29 warn adduser You can reset your account by visiting:
29 warn adduser
29 warn adduser     https://npmjs.org/forgot
30 verbose stack Error: unauthorized Login first: -/user/org.couchdb.user:zmf/-rev/1-8731c3b5c95ca0577bdbbd8d4b021c16
30 verbose stack     at makeError (C:\dev\nvm\v6.2.0\node_modules\npm\node_modules\npm-registry-client\lib\request.js:264:12)
30 verbose stack     at CachingRegistryClient.<anonymous> (C:\dev\nvm\v6.2.0\node_modules\npm\node_modules\npm-registry-client\lib\request.js:252:14)
30 verbose stack     at Request._callback (C:\dev\nvm\v6.2.0\node_modules\npm\node_modules\npm-registry-client\lib\request.js:172:14)
30 verbose stack     at Request.self.callback (C:\dev\nvm\v6.2.0\node_modules\npm\node_modules\request\request.js:200:22)
30 verbose stack     at emitTwo (events.js:106:13)
30 verbose stack     at Request.emit (events.js:191:7)
30 verbose stack     at Request.<anonymous> (C:\dev\nvm\v6.2.0\node_modules\npm\node_modules\request\request.js:1067:10)
30 verbose stack     at emitOne (events.js:101:20)
30 verbose stack     at Request.emit (events.js:188:7)
30 verbose stack     at IncomingMessage.<anonymous> (C:\dev\nvm\v6.2.0\node_modules\npm\node_modules\request\request.js:988:12)
31 verbose statusCode 401
32 verbose cwd C:\Users\liuhong\Desktop\code\byvoidmodule
33 error Windows_NT 6.1.7601
34 error argv "C:\\dev\\nvm\\v6.2.0\\node.exe" "C:\\dev\\nvm\\v6.2.0\\node_modules\\npm\\bin\\npm-cli.js" "adduser"
35 error node v6.2.0
36 error npm  v3.8.9
37 error code E401
38 error unauthorized Login first: -/user/org.couchdb.user:zmf/-rev/1-8731c3b5c95ca0577bdbbd8d4b021c16
39 error If you need help, you may report this error at:
39 error     <https://github.com/npm/npm/issues>
40 verbose exit [ 1, true ]
